2025-04-24 11:43:17,872 - ERROR - Error in main execution: Missing required environment variables
2025-04-24 11:46:29,815 - INFO - Starting YouTube keyword monitor...
2025-04-24 11:46:30,478 - INFO - No recent videos found
2025-04-24 11:47:23,731 - INFO - Starting YouTube keyword monitor...
2025-04-24 11:47:24,259 - INFO - No recent videos found
2025-04-24 11:48:21,819 - INFO - Starting YouTube keyword monitor...
2025-04-24 11:48:22,247 - INFO - No recent videos found
2025-04-24 11:52:59,838 - INFO - Starting YouTube keyword monitor...
2025-04-24 11:53:00,403 - INFO - No recent videos found
2025-04-24 11:53:45,407 - INFO - Starting YouTube keyword monitor...
2025-04-24 11:53:45,931 - INFO - No recent videos found
2025-04-24 11:55:24,062 - INFO - Starting YouTube keyword monitor...
2025-04-24 12:01:44,953 - INFO - Starting YouTube keyword monitor...
2025-04-24 12:01:44,953 - ERROR - Error in main execution: 'YouTubeKeywordMonitor' object has no attribute 'url'
2025-04-24 12:06:05,743 - INFO - Starting YouTube keyword monitor...
2025-04-24 12:06:07,552 - INFO - Successfully sent trending keywords notification
2025-04-24 12:08:16,190 - INFO - Starting YouTube keyword monitor...
2025-04-24 12:08:17,155 - INFO - Successfully sent trending keywords notification
2025-04-26 13:45:11,597 - INFO - Starting YouTube keyword monitor...
2025-04-26 13:45:12,779 - INFO - Successfully sent trending keywords notification
2025-04-27 08:40:04,558 - INFO - Starting YouTube keyword monitor...
2025-04-27 08:40:06,051 - INFO - Successfully sent trending keywords notification
2025-04-28 11:20:17,033 - INFO - Starting YouTube keyword monitor...
2025-04-28 11:20:18,616 - INFO - Successfully sent trending keywords notification
2025-04-29 10:16:12,531 - INFO - Starting YouTube keyword monitor...
2025-04-29 10:16:14,016 - INFO - Successfully sent trending keywords notification
2025-04-30 11:47:38,963 - INFO - Starting YouTube keyword monitor...
2025-04-30 11:47:40,130 - INFO - Successfully sent trending keywords notification
2025-05-01 11:48:01,819 - INFO - Starting YouTube keyword monitor...
2025-05-01 11:48:03,233 - INFO - Successfully sent trending keywords notification
2025-05-02 08:47:45,823 - INFO - Starting YouTube keyword monitor...
2025-05-02 08:47:46,989 - INFO - Successfully sent trending keywords notification
2025-05-08 12:54:36,151 - INFO - Starting YouTube keyword monitor...
2025-05-08 12:54:37,536 - INFO - Successfully sent trending keywords notification
2025-05-12 12:28:06,910 - INFO - Starting YouTube keyword monitor...
2025-05-12 12:28:07,828 - INFO - Successfully sent trending keywords notification
2025-05-13 07:00:43,854 - INFO - Starting YouTube keyword monitor...
2025-05-13 07:00:45,049 - INFO - Successfully sent trending keywords notification
2025-05-15 09:05:49,699 - INFO - Starting YouTube keyword monitor...
2025-05-15 09:05:51,422 - INFO - Successfully sent trending keywords notification
2025-05-16 09:10:58,040 - INFO - Starting YouTube keyword monitor...
2025-05-16 09:10:59,219 - INFO - Successfully sent trending keywords notification
2025-07-29 10:47:58,350 - INFO - Starting YouTube keyword monitor...
2025-07-29 10:48:00,681 - INFO - Successfully sent trending keywords notification
2025-07-29 10:48:00,693 - INFO - Successfully sent keywords to website
2025-07-29 10:53:09,941 - INFO - Starting YouTube keyword monitor (single run)...
2025-07-29 10:53:11,072 - INFO - Successfully sent trending keywords notification
2025-07-29 10:53:11,127 - INFO - Successfully sent keywords to website
2025-07-30 22:46:38,111 - INFO - Starting YouTube keyword monitor (single run)...
2025-07-30 22:46:39,414 - INFO - Successfully sent trending keywords notification
2025-07-30 22:46:39,527 - ERROR - Error sending keywords to website: 500 Server Error: Internal Server Error for url: http://localhost:3000/api/trending-keywords
2025-07-30 22:49:34,242 - INFO - Starting YouTube keyword monitor (single run)...
2025-07-30 22:49:35,173 - INFO - Successfully sent trending keywords notification
2025-07-30 22:49:35,175 - ERROR - Error sending keywords to website: HTTPConnectionPool(host='localhost', port=3000): Max retries exceeded with url: /api/trending-keywords (Caused by NewConnectionError('<urllib3.connection.HTTPConnection object at 0x101612900>: Failed to establish a new connection: [Errno 61] Connection refused'))
2025-07-30 22:50:00,227 - INFO - Starting YouTube keyword monitor (single run)...
2025-07-30 22:50:01,204 - INFO - Successfully sent trending keywords notification
2025-07-30 22:50:01,206 - ERROR - Error sending keywords to website: HTTPConnectionPool(host='localhost', port=3000): Max retries exceeded with url: /api/trending-keywords (Caused by NewConnectionError('<urllib3.connection.HTTPConnection object at 0x1017de900>: Failed to establish a new connection: [Errno 61] Connection refused'))
2025-07-30 22:50:30,769 - INFO - Starting YouTube keyword monitor (single run)...
2025-07-30 22:50:31,815 - INFO - Successfully sent trending keywords notification
2025-07-30 22:50:31,930 - INFO - Successfully sent keywords to website
